# JRE version: OpenJDK Runtime Environment (8.0_181-b13) (build 1.8.0_181-8u181-b13-2~deb9u1-b13)
# Java VM: OpenJDK 64-Bit Server VM (25.181-b13 mixed mode linux-amd64 compressed oops)
Heap:
 garbage-first heap   total 262144K, used 118788K [0x00000000c0000000, 0x00000000c0100800, 0x0000000100000000)
  region size 1024K, 33 young (33792K), 8 survivors (8192K)
 Metaspace       used 75452K, capacity 85254K, committed 85632K, reserved 1122304K
  class space    used 9160K, capacity 11846K, committed 11904K, reserved 1048576K
GC Heap History (10 events):
Event: 22.745 GC heap before
{Heap before GC invocations=8 (full 0):
 garbage-first heap   total 262144K, used 96563K [0x00000000c0000000, 0x00000000c0100800, 0x0000000100000000)
  region size 1024K, 53 young (54272K), 16 survivors (16384K)
 Metaspace       used 53321K, capacity 60326K, committed 60420K, reserved 1101824K
  class space    used 6344K, capacity 8295K, committed 8320K, reserved 1048576K
Event: 22.756 GC heap after
Heap after GC invocations=9 (full 0):
 garbage-first heap   total 262144K, used 63794K [0x00000000c0000000, 0x00000000c0100800, 0x0000000100000000)
  region size 1024K, 20 young (20480K), 20 survivors (20480K)
 Metaspace       used 53321K, capacity 60326K, committed 60420K, reserved 1101824K
  class space    used 6344K, capacity 8295K, committed 8320K, reserved 1048576K
}
Event: 24.040 GC heap before
{Heap before GC invocations=10 (full 0):
 garbage-first heap   total 262144K, used 187264K [0x00000000c0000000, 0x00000000c0100800, 0x0000000100000000)
  region size 1024K, 153 young (156672K), 20 survivors (20480K)
 Metaspace       used 66838K, capacity 76000K, committed 76160K, reserved 1114112K
  class space    used 8175K, capacity 10772K, committed 10880K, reserved 1048576K
Event: 24.068 GC heap after
Heap after GC invocations=11 (full 0):
 garbage-first heap   total 262144K, used 69953K [0x00000000c0000000, 0x00000000c0100800, 0x0000000100000000)
  region size 1024K, 20 young (20480K), 20 survivors (20480K)
 Metaspace       used 66838K, capacity 76000K, committed 76160K, reserved 1114112K
  class space    used 8175K, capacity 10772K, committed 10880K, reserved 1048576K
}
Event: 30.951 GC heap before
{Heap before GC invocations=12 (full 0):
 garbage-first heap   total 262144K, used 206145K [0x00000000c0000000, 0x00000000c0100800, 0x0000000100000000)
  region size 1024K, 153 young (156672K), 20 survivors (20480K)
 Metaspace       used 67861K, capacity 76888K, committed 77184K, reserved 1116160K
  class space    used 8269K, capacity 10808K, committed 10880K, reserved 1048576K
Event: 30.965 GC heap after
Heap after GC invocations=13 (full 0):
 garbage-first heap   total 262144K, used 67968K [0x00000000c0000000, 0x00000000c0100800, 0x0000000100000000)
  region size 1024K, 5 young (5120K), 5 survivors (5120K)
 Metaspace       used 67861K, capacity 76888K, committed 77184K, reserved 1116160K
  class space    used 8269K, capacity 10808K, committed 10880K, reserved 1048576K
}
Event: 736.123 GC heap before
{Heap before GC invocations=13 (full 0):
 garbage-first heap   total 262144K, used 223463K [0x00000000c0000000, 0x00000000c0100800, 0x0000000100000000)
  region size 1024K, 152 young (155648K), 5 survivors (5120K)
 Metaspace       used 74365K, capacity 84144K, committed 84352K, reserved 1122304K
  class space    used 9055K, capacity 11788K, committed 11904K, reserved 1048576K
Event: 736.134 GC heap after
Heap after GC invocations=14 (full 0):
 garbage-first heap   total 262144K, used 76612K [0x00000000c0000000, 0x00000000c0100800, 0x0000000100000000)
  region size 1024K, 11 young (11264K), 11 survivors (11264K)
 Metaspace       used 74365K, capacity 84144K, committed 84352K, reserved 1122304K
  class space    used 9055K, capacity 11788K, committed 11904K, reserved 1048576K
}
Event: 3153.603 GC heap before
{Heap before GC invocations=14 (full 0):
 garbage-first heap   total 262144K, used 204802K [0x00000000c0000000, 0x00000000c0100800, 0x0000000100000000)
  region size 1024K, 106 young (108544K), 11 survivors (11264K)
 Metaspace       used 75414K, capacity 85230K, committed 85376K, reserved 1122304K
  class space    used 9164K, capacity 11878K, committed 11904K, reserved 1048576K
Event: 3153.613 GC heap after
Heap after GC invocations=15 (full 0):
 garbage-first heap   total 262144K, used 75411K [0x00000000c0000000, 0x00000000c0100800, 0x0000000100000000)
  region size 1024K, 8 young (8192K), 8 survivors (8192K)
 Metaspace       used 75414K, capacity 85230K, committed 85376K, reserved 1122304K
  class space    used 9164K, capacity 11878K, committed 11904K, reserved 1048576K
}

