# JRE version: OpenJDK Runtime Environment (8.0_181-b13) (build 1.8.0_181-8u181-b13-2~deb9u1-b13)
# Java VM: OpenJDK 64-Bit Server VM (25.181-b13 mixed mode linux-amd64 compressed oops)
Heap:
 garbage-first heap   total 262144K, used 219374K [0x00000000c0000000, 0x00000000c0100800, 0x0000000100000000)
  region size 1024K, 126 young (129024K), 7 survivors (7168K)
 Metaspace       used 84603K, capacity 94290K, committed 94400K, reserved 1130496K
  class space    used 10109K, capacity 12738K, committed 12796K, reserved 1048576K
GC Heap History (10 events):
Event: 127.114 GC heap before
{Heap before GC invocations=8 (full 0):
 garbage-first heap   total 262144K, used 169366K [0x00000000c0000000, 0x00000000c0100800, 0x0000000100000000)
  region size 1024K, 130 young (133120K), 18 survivors (18432K)
 Metaspace       used 53882K, capacity 60428K, committed 60636K, reserved 1101824K
  class space    used 6126K, capacity 8170K, committed 8188K, reserved 1048576K
Event: 127.175 GC heap after
Heap after GC invocations=9 (full 0):
 garbage-first heap   total 262144K, used 83841K [0x00000000c0000000, 0x00000000c0100800, 0x0000000100000000)
  region size 1024K, 20 young (20480K), 20 survivors (20480K)
 Metaspace       used 53882K, capacity 60428K, committed 60636K, reserved 1101824K
  class space    used 6126K, capacity 8170K, committed 8188K, reserved 1048576K
}
Event: 131.887 GC heap before
{Heap before GC invocations=10 (full 0):
 garbage-first heap   total 262144K, used 207745K [0x00000000c0000000, 0x00000000c0100800, 0x0000000100000000)
  region size 1024K, 148 young (151552K), 20 survivors (20480K)
 Metaspace       used 68311K, capacity 76530K, committed 76608K, reserved 1116160K
  class space    used 8069K, capacity 10355K, committed 10364K, reserved 1048576K
Event: 132.046 GC heap after
Heap after GC invocations=11 (full 0):
 garbage-first heap   total 262144K, used 109441K [0x00000000c0000000, 0x00000000c0100800, 0x0000000100000000)
  region size 1024K, 19 young (19456K), 19 survivors (19456K)
 Metaspace       used 68311K, capacity 76530K, committed 76608K, reserved 1116160K
  class space    used 8069K, capacity 10355K, committed 10364K, reserved 1048576K
}
Event: 147.071 GC heap before
{Heap before GC invocations=12 (full 0):
 garbage-first heap   total 262144K, used 204003K [0x00000000c0000000, 0x00000000c0100800, 0x0000000100000000)
  region size 1024K, 123 young (125952K), 19 survivors (19456K)
 Metaspace       used 80702K, capacity 90182K, committed 90432K, reserved 1128448K
  class space    used 9663K, capacity 12312K, committed 12412K, reserved 1048576K
Event: 147.100 GC heap after
Heap after GC invocations=13 (full 0):
 garbage-first heap   total 262144K, used 99960K [0x00000000c0000000, 0x00000000c0100800, 0x0000000100000000)
  region size 1024K, 16 young (16384K), 16 survivors (16384K)
 Metaspace       used 80702K, capacity 90182K, committed 90432K, reserved 1128448K
  class space    used 9663K, capacity 12312K, committed 12412K, reserved 1048576K
}
Event: 147.102 GC heap before
{Heap before GC invocations=13 (full 0):
 garbage-first heap   total 262144K, used 100984K [0x00000000c0000000, 0x00000000c0100800, 0x0000000100000000)
  region size 1024K, 17 young (17408K), 16 survivors (16384K)
 Metaspace       used 80703K, capacity 90182K, committed 90432K, reserved 1128448K
  class space    used 9663K, capacity 12312K, committed 12412K, reserved 1048576K
Event: 147.125 GC heap after
Heap after GC invocations=14 (full 0):
 garbage-first heap   total 262144K, used 93816K [0x00000000c0000000, 0x00000000c0100800, 0x0000000100000000)
  region size 1024K, 3 young (3072K), 3 survivors (3072K)
 Metaspace       used 80703K, capacity 90182K, committed 90432K, reserved 1128448K
  class space    used 9663K, capacity 12312K, committed 12412K, reserved 1048576K
}
Event: 17109.463 GC heap before
{Heap before GC invocations=14 (full 0):
 garbage-first heap   total 262144K, used 224941K [0x00000000c0000000, 0x00000000c0100800, 0x0000000100000000)
  region size 1024K, 128 young (131072K), 3 survivors (3072K)
 Metaspace       used 83332K, capacity 93074K, committed 93248K, reserved 1130496K
  class space    used 9971K, capacity 12651K, committed 12668K, reserved 1048576K
Event: 17109.503 GC heap after
Heap after GC invocations=15 (full 0):
 garbage-first heap   total 262144K, used 98542K [0x00000000c0000000, 0x00000000c0100800, 0x0000000100000000)
  region size 1024K, 7 young (7168K), 7 survivors (7168K)
 Metaspace       used 83332K, capacity 93074K, committed 93248K, reserved 1130496K
  class space    used 9971K, capacity 12651K, committed 12668K, reserved 1048576K
}

