# JRE version: OpenJDK Runtime Environment (8.0_181-b13) (build 1.8.0_181-8u181-b13-2~deb9u1-b13)
# Java VM: OpenJDK 64-Bit Server VM (25.181-b13 mixed mode linux-amd64 compressed oops)
Heap:
 garbage-first heap   total 262144K, used 120561K [0x00000000c0000000, 0x00000000c0100800, 0x0000000100000000)
  region size 1024K, 27 young (27648K), 13 survivors (13312K)
 Metaspace       used 75361K, capacity 85068K, committed 85260K, reserved 1122304K
  class space    used 8948K, capacity 11574K, committed 11576K, reserved 1048576K
GC Heap History (10 events):
Event: 22.392 GC heap before
{Heap before GC invocations=8 (full 0):
 garbage-first heap   total 262144K, used 176512K [0x00000000c0000000, 0x00000000c0100800, 0x0000000100000000)
  region size 1024K, 132 young (135168K), 16 survivors (16384K)
 Metaspace       used 53502K, capacity 60314K, committed 60496K, reserved 1101824K
  class space    used 6301K, capacity 8289K, committed 8316K, reserved 1048576K
Event: 22.432 GC heap after
Heap after GC invocations=9 (full 0):
 garbage-first heap   total 262144K, used 80257K [0x00000000c0000000, 0x00000000c0100800, 0x0000000100000000)
  region size 1024K, 20 young (20480K), 20 survivors (20480K)
 Metaspace       used 53502K, capacity 60314K, committed 60496K, reserved 1101824K
  class space    used 6301K, capacity 8289K, committed 8316K, reserved 1048576K
}
Event: 22.917 GC heap before
{Heap before GC invocations=10 (full 0):
 garbage-first heap   total 262144K, used 214401K [0x00000000c0000000, 0x00000000c0100800, 0x0000000100000000)
  region size 1024K, 151 young (154624K), 20 survivors (20480K)
 Metaspace       used 60426K, capacity 68672K, committed 68876K, reserved 1107968K
  class space    used 7164K, capacity 9513K, committed 9528K, reserved 1048576K
Event: 22.957 GC heap after
Heap after GC invocations=11 (full 0):
 garbage-first heap   total 262144K, used 94080K [0x00000000c0000000, 0x00000000c0100800, 0x0000000100000000)
  region size 1024K, 13 young (13312K), 13 survivors (13312K)
 Metaspace       used 60426K, capacity 68672K, committed 68876K, reserved 1107968K
  class space    used 7164K, capacity 9513K, committed 9528K, reserved 1048576K
}
Event: 24.869 GC heap before
{Heap before GC invocations=12 (full 0):
 garbage-first heap   total 262144K, used 205696K [0x00000000c0000000, 0x00000000c0100800, 0x0000000100000000)
  region size 1024K, 138 young (141312K), 13 survivors (13312K)
 Metaspace       used 68455K, capacity 77804K, committed 78092K, reserved 1116160K
  class space    used 8191K, capacity 10719K, committed 10808K, reserved 1048576K
Event: 24.913 GC heap after
Heap after GC invocations=13 (full 0):
 garbage-first heap   total 262144K, used 108417K [0x00000000c0000000, 0x00000000c0100800, 0x0000000100000000)
  region size 1024K, 18 young (18432K), 18 survivors (18432K)
 Metaspace       used 68455K, capacity 77804K, committed 78092K, reserved 1116160K
  class space    used 8191K, capacity 10719K, committed 10808K, reserved 1048576K
}
Event: 24.936 GC heap before
{Heap before GC invocations=13 (full 0):
 garbage-first heap   total 262144K, used 109441K [0x00000000c0000000, 0x00000000c0100800, 0x0000000100000000)
  region size 1024K, 19 young (19456K), 18 survivors (18432K)
 Metaspace       used 68469K, capacity 77804K, committed 78092K, reserved 1116160K
  class space    used 8191K, capacity 10719K, committed 10808K, reserved 1048576K
Event: 24.973 GC heap after
Heap after GC invocations=14 (full 0):
 garbage-first heap   total 262144K, used 97152K [0x00000000c0000000, 0x00000000c0100800, 0x0000000100000000)
  region size 1024K, 3 young (3072K), 3 survivors (3072K)
 Metaspace       used 68469K, capacity 77804K, committed 78092K, reserved 1116160K
  class space    used 8191K, capacity 10719K, committed 10808K, reserved 1048576K
}
Event: 44.857 GC heap before
{Heap before GC invocations=14 (full 0):
 garbage-first heap   total 262144K, used 224128K [0x00000000c0000000, 0x00000000c0100800, 0x0000000100000000)
  region size 1024K, 127 young (130048K), 3 survivors (3072K)
 Metaspace       used 75305K, capacity 85004K, committed 85260K, reserved 1122304K
  class space    used 8943K, capacity 11574K, committed 11576K, reserved 1048576K
Event: 44.868 GC heap after
Heap after GC invocations=15 (full 0):
 garbage-first heap   total 262144K, used 107249K [0x00000000c0000000, 0x00000000c0100800, 0x0000000100000000)
  region size 1024K, 13 young (13312K), 13 survivors (13312K)
 Metaspace       used 75305K, capacity 85004K, committed 85260K, reserved 1122304K
  class space    used 8943K, capacity 11574K, committed 11576K, reserved 1048576K
}

